<testsuites id="" name="" tests="10" failures="0" skipped="0" errors="0" time="4.223223">
<testsuite name="routing.spec.ts" timestamp="2026-02-27T17:38:39.782Z" hostname="chromium" tests="10" failures="0" skipped="0" time="11.447" errors="0">
<testcase name="Wouter routing, active links, and module loading › defaults to dashboard and highlights dashboard nav" classname="routing.spec.ts" time="1.391">
</testcase>
<testcase name="Wouter routing, active links, and module loading › catalog route-hint tabs highlight exact active route" classname="routing.spec.ts" time="1.286">
</testcase>
<testcase name="Wouter routing, active links, and module loading › settings deep order item route highlights only deep tab" classname="routing.spec.ts" time="1.284">
</testcase>
<testcase name="Wouter routing, active links, and module loading › admin parent route redirects to API and active tab is API" classname="routing.spec.ts" time="0.795">
</testcase>
<testcase name="Wouter routing, active links, and module loading › admin api and chatbot pages load with corresponding tab active" classname="routing.spec.ts" time="1.684">
</testcase>
<testcase name="Wouter routing, active links, and module loading › module-level and global not-found routes render correctly" classname="routing.spec.ts" time="0.645">
</testcase>
<testcase name="Wouter routing, active links, and module loading › history demo deep navigation button lands on order item page" classname="routing.spec.ts" time="1.448">
</testcase>
<testcase name="Wouter routing, active links, and module loading › active link matching remains correct with trailing slash and query/hash" classname="routing.spec.ts" time="1.045">
</testcase>
<testcase name="Wouter routing, active links, and module loading › enterprise parent route redirects and dashboard tab is active" classname="routing.spec.ts" time="0.908">
</testcase>
<testcase name="Wouter routing, active links, and module loading › enterprise analytics and integrations routes load specific components" classname="routing.spec.ts" time="0.961">
</testcase>
</testsuite>
</testsuites>